[0m[[0m[0mdebug[0m] [0m[0m> Exec(early(addDefaultCommands), None, None)[0m
[0m[[0m[0mdebug[0m] [0m[0m> Exec(addDefaultCommands, None, None)[0m
[0m[[0m[0mdebug[0m] [0m[0m> Exec(early(initialize), None, None)[0m
[0m[[0m[0mdebug[0m] [0m[0m> Exec(initialize, None, None)[0m
[0m[[0m[0mdebug[0m] [0m[0m> Exec(boot, None, None)[0m
[0m[[0m[0mdebug[0m] [0m[0m> Exec(writeSbtVersion, None, None)[0m
[0m[[0m[0mdebug[0m] [0m[0m> Exec(reload, None, None)[0m
[0m[[0m[0mdebug[0m] [0m[0m> Exec(sbtStashOnFailure, None, None)[0m
[0m[[0m[0mdebug[0m] [0m[0m> Exec(onFailure loadFailed, None, None)[0m
[0m[[0m[0mdebug[0m] [0m[0m> Exec(loadp, None, None)[0m
[0m[[0m[0minfo[0m] [0m[0mwelcome to sbt 1.4.3 (AdoptOpenJDK Java 1.8.0_282)[0m
[0m[[0m[0mdebug[0m] [0m[0mLoad.defaultLoad until apply took 1049.225ms[0m
[0m[[0m[0mdebug[0m] [0m[0m          Load.loadUnit: plugins took 312.373ms[0m
[0m[[0m[0mdebug[0m] [0m[0m          Load.loadUnit: defsScala took 0.7482ms[0m
[0m[[0m[0mdebug[0m] [0m[0m[Loading] Scanning directory G:\N2M Solution\Anjos\ExempleSparkETL\project[0m
[0m[[0m[0mdebug[0m] [0m[0m[Loading] Found non-root projects [0m
[0m[[0m[0mdebug[0m] [0m[0m[Loading] Done in G:\N2M Solution\Anjos\ExempleSparkETL\project, returning: ()[0m
[0m[[0m[0mdebug[0m] [0m[0mdeducing auto plugins based on known facts Set(Atom(sbt.plugins.CorePlugin)) and clauses Clauses(List(Clause(Atom(sbt.plugins.JvmPlugin),Set(Atom(sbt.plugins.IvyPlugin))), Clause(Atom(sbt.ScriptedPlugin),Set(Atom(sbt.plugins.JvmPlugin))), Clause(Atom(sbt.plugins.SbtPlugin),Set(Atom(sbt.ScriptedPlugin))), Clause(Atom(sbt.plugins.SemanticdbPlugin),Set(Atom(sbt.plugins.JvmPlugin))), Clause(Atom(sbt.plugins.JUnitXmlReportPlugin),Set(Atom(sbt.plugins.JvmPlugin))), Clause(Atom(sbt.plugins.MiniDependencyTreePlugin),Set(Atom(sbt.plugins.JvmPlugin))), Clause(Atom(sbt.plugins.CorePlugin),Set(Atom(sbt.plugins.IvyPlugin))), Clause(Atom(sbt.plugins.IvyPlugin),Set(Atom(sbt.plugins.JvmPlugin))), Clause(Atom(sbt.plugins.JvmPlugin),Set(Atom(sbt.plugins.SemanticdbPlugin))), Clause(Atom(sbt.plugins.JvmPlugin),Set(Atom(sbt.plugins.JUnitXmlReportPlugin))), Clause(Atom(sbt.plugins.CorePlugin),Set(Atom(sbt.plugins.Giter8TemplatePlugin))), Clause(Atom(sbt.plugins.JvmPlugin),Set(Atom(sbt.plugins.MiniDependencyTreePlugin)))))[0m
[0m[[0m[0mdebug[0m] [0m[0m  :: deduced result: Matched(sbt.plugins.CorePlugin,sbt.plugins.Giter8TemplatePlugin,sbt.plugins.IvyPlugin,sbt.plugins.JvmPlugin,sbt.plugins.MiniDependencyTreePlugin,sbt.plugins.JUnitXmlReportPlugin,sbt.plugins.SemanticdbPlugin)[0m
[0m[[0m[0mdebug[0m] [0m[0mPlugins.deducer#function took 57.0884 ms[0m
[0m[[0m[0mdebug[0m] [0m[0m              Load.resolveProject(exemplesparketl-build) took 116.4437ms[0m
[0m[[0m[0mdebug[0m] [0m[0m            Load.loadTransitive: finalizeProject(Project(id exemplesparketl-build, base: G:\N2M Solution\Anjos\ExempleSparkETL\project, plugins: List(<none>))) took 251.8903ms[0m
[0m[[0m[0mdebug[0m] [0m[0m[Loading] Done in G:\N2M Solution\Anjos\ExempleSparkETL\project, returning: (exemplesparketl-build)[0m
[0m[[0m[0mdebug[0m] [0m[0m          Load.loadUnit: loadedProjectsRaw took 310.4849ms[0m
[0m[[0m[0mdebug[0m] [0m[0m          Load.loadUnit: cleanEvalClasses took 0.657ms[0m
[0m[[0m[0mdebug[0m] [0m[0m        Load.loadUnit(file:/G:/N2M%20Solution/Anjos/ExempleSparkETL/project/, ...) took 638.801ms[0m
[0m[[0m[0mdebug[0m] [0m[0m      Load.apply: load took 1008.9923ms[0m
[0m[[0m[0mdebug[0m] [0m[0m      Load.apply: resolveProjects took 15.2185ms[0m
[0m[[0m[0mdebug[0m] [0m[0m      Load.apply: finalTransforms took 182.4355ms[0m
[0m[[0m[0mdebug[0m] [0m[0m      Load.apply: config.delegates took 20.1225ms[0m
[0m[[0m[0mdebug[0m] [0m[0m      Load.apply: Def.make(settings)... took 2839.2959ms[0m
[0m[[0m[0mdebug[0m] [0m[0m      Load.apply: structureIndex took 330.4848ms[0m
[0m[[0m[0mdebug[0m] [0m[0m      Load.apply: mkStreams took 4.6633ms[0m
[0m[[0m[0minfo[0m] [0m[0mloading project definition from G:\N2M Solution\Anjos\ExempleSparkETL\project[0m
[0m[[0m[0mdebug[0m] [0m[0mRunning task... Cancel: Signal, check cycles: false, forcegc: true[0m
[0m[[0m[0mdebug[0m] [0m[0m    Load.loadUnit: plugins took 6783.5283ms[0m
[0m[[0m[0mdebug[0m] [0m[0m    Load.loadUnit: defsScala took 0.0078ms[0m
[0m[[0m[0mdebug[0m] [0m[0m[Loading] Scanning directory G:\N2M Solution\Anjos\ExempleSparkETL[0m
[0m[[0m[0mdebug[0m] [0m[0m      Load.loadUnit: mkEval took 19.2062ms[0m
[0m[[0m[0mdebug[0m] [0m[0m[Loading] Found non-root projects [0m
[0m[[0m[0mdebug[0m] [0m[0m[Loading] Done in G:\N2M Solution\Anjos\ExempleSparkETL, returning: ()[0m
[0m[[0m[0mdebug[0m] [0m[0mdeducing auto plugins based on known facts Set(Atom(sbt.plugins.CorePlugin)) and clauses Clauses(List(Clause(Atom(sbt.plugins.JvmPlugin),Set(Atom(sbt.plugins.IvyPlugin))), Clause(Atom(sbt.ScriptedPlugin),Set(Atom(sbt.plugins.JvmPlugin))), Clause(Atom(sbt.plugins.SbtPlugin),Set(Atom(sbt.ScriptedPlugin))), Clause(Atom(sbt.plugins.SemanticdbPlugin),Set(Atom(sbt.plugins.JvmPlugin))), Clause(Atom(sbt.plugins.JUnitXmlReportPlugin),Set(Atom(sbt.plugins.JvmPlugin))), Clause(Atom(sbt.plugins.MiniDependencyTreePlugin),Set(Atom(sbt.plugins.JvmPlugin))), Clause(Atom(sbt.plugins.CorePlugin),Set(Atom(sbt.plugins.IvyPlugin))), Clause(Atom(sbt.plugins.IvyPlugin),Set(Atom(sbt.plugins.JvmPlugin))), Clause(Atom(sbt.plugins.JvmPlugin),Set(Atom(sbt.plugins.SemanticdbPlugin))), Clause(Atom(sbt.plugins.JvmPlugin),Set(Atom(sbt.plugins.JUnitXmlReportPlugin))), Clause(Atom(sbt.plugins.CorePlugin),Set(Atom(sbt.plugins.Giter8TemplatePlugin))), Clause(Atom(sbt.plugins.JvmPlugin),Set(Atom(sbt.plugins.MiniDependencyTreePlugin)))))[0m
[0m[[0m[0mdebug[0m] [0m[0m  :: deduced result: Matched(sbt.plugins.CorePlugin,sbt.plugins.Giter8TemplatePlugin,sbt.plugins.IvyPlugin,sbt.plugins.JvmPlugin,sbt.plugins.MiniDependencyTreePlugin,sbt.plugins.JUnitXmlReportPlugin,sbt.plugins.SemanticdbPlugin)[0m
[0m[[0m[0mdebug[0m] [0m[0mPlugins.deducer#function took 5.4347 ms[0m
[0m[[0m[0minfo[0m] [0m[0mloading settings for project exemplesparketl from build.sbt ...[0m
[0m[[0m[0mdebug[0m] [0m[0m        Load.resolveProject(exemplesparketl) took 12.0818ms[0m
[0m[[0m[0mdebug[0m] [0m[0m      Load.loadTransitive: finalizeProject(Project(id exemplesparketl, base: G:\N2M Solution\Anjos\ExempleSparkETL, plugins: List(<none>))) took 19.0514ms[0m
[0m[[0m[0mdebug[0m] [0m[0m[Loading] Done in G:\N2M Solution\Anjos\ExempleSparkETL, returning: (exemplesparketl)[0m
[0m[[0m[0mdebug[0m] [0m[0m    Load.loadUnit: loadedProjectsRaw took 385.5636ms[0m
[0m[[0m[0mdebug[0m] [0m[0m    Load.loadUnit: cleanEvalClasses took 20.6476ms[0m
[0m[[0m[0mdebug[0m] [0m[0m  Load.loadUnit(file:/G:/N2M%20Solution/Anjos/ExempleSparkETL/, ...) took 7193.473ms[0m
[0m[[0m[0mdebug[0m] [0m[0mLoad.apply: load took 7292.6875ms[0m
[0m[[0m[0mdebug[0m] [0m[0mLoad.apply: resolveProjects took 0.2422ms[0m
[0m[[0m[0mdebug[0m] [0m[0mLoad.apply: finalTransforms took 26.9028ms[0m
[0m[[0m[0mdebug[0m] [0m[0mLoad.apply: config.delegates took 1.1712ms[0m
[0m[[0m[0mdebug[0m] [0m[0mLoad.apply: Def.make(settings)... took 340.291ms[0m
[0m[[0m[0mdebug[0m] [0m[0mLoad.apply: structureIndex took 90.3971ms[0m
[0m[[0m[0mdebug[0m] [0m[0mLoad.apply: mkStreams took 0.0045ms[0m
[0m[[0m[0minfo[0m] [0m[0mset current project to SparkETL (in build file:/G:/N2M%20Solution/Anjos/ExempleSparkETL/)[0m
[0m[[0m[0mdebug[0m] [0m[0m> Exec(sbtPopOnFailure, None, None)[0m
[0m[[0m[0mdebug[0m] [0m[0m> Exec(resumeFromFailure, None, None)[0m
[0m[[0m[0mdebug[0m] [0m[0m> Exec(notifyUsersAboutShell, None, None)[0m
[0m[[0m[0mdebug[0m] [0m[0m> Exec(iflast shell, None, None)[0m
[0m[[0m[0mdebug[0m] [0m[0m> Exec(run, None, None)[0m
[0m[[0m[0mdebug[0m] [0m[0mEvaluating tasks: Compile / run[0m
[0m[[0m[0mdebug[0m] [0m[0mRunning task... Cancel: Signal, check cycles: false, forcegc: true[0m
[0m[[0m[0minfo[0m] [0m[0mcompiling 1 Scala source to G:\N2M Solution\Anjos\ExempleSparkETL\target\scala-2.12\classes ...[0m
[0m[[0m[33mwarn[0m] [0m[0mCanceling execution...[0m
[0m[[0m[0minfo[0m] [0m[0mCompilation has been cancelled[0m
[0m[[0m[33mwarn[0m] [0m[0mCanceling execution...[0m
